2024-10-07 18:36:44,121 DEBUG    root            Loaded Command Group: ['gcloud', 'components']
2024-10-07 18:36:44,124 DEBUG    root            Loaded Command Group: ['gcloud', 'components', 'update']
2024-10-07 18:36:44,128 DEBUG    root            Running [gcloud.components.update] with arguments: [--quiet: "True", COMPONENT-IDS:8: "['gcloud', 'core', 'bq', 'gsutil', 'compute', 'preview', 'alpha', 'beta']"]
2024-10-07 18:36:44,130 INFO     ___FILE_ONLY___ Beginning update. This process may take several minutes.

2024-10-07 18:36:44,142 DEBUG    urllib3.connectionpool Starting new HTTPS connection (1): dl.google.com:443
2024-10-07 18:36:44,219 DEBUG    urllib3.connectionpool https://dl.google.com:443 "GET /dl/cloudsdk/channels/rapid/components-2.json HTTP/1.1" 200 227002
2024-10-07 18:36:44,243 WARNING  root            Component [preview] no longer exists.
2024-10-07 18:36:44,243 WARNING  root            Component [compute] no longer exists.
2024-10-07 18:36:44,244 INFO     ___FILE_ONLY___ 

2024-10-07 18:36:44,245 INFO     ___FILE_ONLY___ 
Your current Google Cloud CLI version is: 495.0.0

2024-10-07 18:36:44,245 INFO     ___FILE_ONLY___ Installing components from version: 495.0.0

2024-10-07 18:36:44,245 INFO     ___FILE_ONLY___ 

2024-10-07 18:36:44,245 DEBUG    root            Chosen display Format:table[box,title="These components will be removed."](details.display_name:label=Name:align=left,version.version_string:label=Version:align=right,data.size.size(zero="",min=1048576):label=Size:align=right)
2024-10-07 18:36:44,246 DEBUG    root            Chosen display Format:table[box,title="These components will be updated."](details.display_name:label=Name:align=left,version.version_string:label=Version:align=right,data.size.size(zero="",min=1048576):label=Size:align=right)
2024-10-07 18:36:44,247 DEBUG    root            Chosen display Format:table[box,title="These components will be installed."](details.display_name:label=Name:align=left,version.version_string:label=Version:align=right,data.size.size(zero="",min=1048576):label=Size:align=right)
2024-10-07 18:36:44,271 INFO     ___FILE_ONLY___ ┌──────────────────────────────────────────────┐
2024-10-07 18:36:44,272 INFO     ___FILE_ONLY___ 

2024-10-07 18:36:44,272 INFO     ___FILE_ONLY___ │     These components will be installed.      │
2024-10-07 18:36:44,272 INFO     ___FILE_ONLY___ 

2024-10-07 18:36:44,272 INFO     ___FILE_ONLY___ ├───────────────────────┬────────────┬─────────┤
2024-10-07 18:36:44,272 INFO     ___FILE_ONLY___ 

2024-10-07 18:36:44,272 INFO     ___FILE_ONLY___ │          Name         │  Version   │   Size  │
2024-10-07 18:36:44,272 INFO     ___FILE_ONLY___ 

2024-10-07 18:36:44,272 INFO     ___FILE_ONLY___ ├───────────────────────┼────────────┼─────────┤
2024-10-07 18:36:44,272 INFO     ___FILE_ONLY___ 

2024-10-07 18:36:44,272 INFO     ___FILE_ONLY___ │ 
2024-10-07 18:36:44,272 INFO     ___FILE_ONLY___ gcloud Alpha Commands
2024-10-07 18:36:44,272 INFO     ___FILE_ONLY___  
2024-10-07 18:36:44,272 INFO     ___FILE_ONLY___ │ 
2024-10-07 18:36:44,272 INFO     ___FILE_ONLY___ 2024.09.27
2024-10-07 18:36:44,272 INFO     ___FILE_ONLY___  
2024-10-07 18:36:44,272 INFO     ___FILE_ONLY___ │ 
2024-10-07 18:36:44,273 INFO     ___FILE_ONLY___ < 1 MiB
2024-10-07 18:36:44,273 INFO     ___FILE_ONLY___  
2024-10-07 18:36:44,273 INFO     ___FILE_ONLY___ │
2024-10-07 18:36:44,273 INFO     ___FILE_ONLY___ 

2024-10-07 18:36:44,273 INFO     ___FILE_ONLY___ │ 
2024-10-07 18:36:44,273 INFO     ___FILE_ONLY___ gcloud Beta Commands 
2024-10-07 18:36:44,273 INFO     ___FILE_ONLY___  
2024-10-07 18:36:44,273 INFO     ___FILE_ONLY___ │ 
2024-10-07 18:36:44,273 INFO     ___FILE_ONLY___ 2024.09.27
2024-10-07 18:36:44,273 INFO     ___FILE_ONLY___  
2024-10-07 18:36:44,273 INFO     ___FILE_ONLY___ │ 
2024-10-07 18:36:44,273 INFO     ___FILE_ONLY___ < 1 MiB
2024-10-07 18:36:44,273 INFO     ___FILE_ONLY___  
2024-10-07 18:36:44,273 INFO     ___FILE_ONLY___ │
2024-10-07 18:36:44,273 INFO     ___FILE_ONLY___ 

2024-10-07 18:36:44,274 INFO     ___FILE_ONLY___ └───────────────────────┴────────────┴─────────┘
2024-10-07 18:36:44,274 INFO     ___FILE_ONLY___ 

2024-10-07 18:36:44,274 INFO     ___FILE_ONLY___ 

2024-10-07 18:36:44,277 DEBUG    urllib3.connectionpool Starting new HTTPS connection (1): dl.google.com:443
2024-10-07 18:36:44,338 DEBUG    urllib3.connectionpool https://dl.google.com:443 "GET /dl/cloudsdk/channels/rapid/RELEASE_NOTES HTTP/1.1" 200 1281712
2024-10-07 18:36:44,400 INFO     ___FILE_ONLY___ For the latest full release notes, please visit:
  https://cloud.google.com/sdk/release_notes


2024-10-07 18:36:44,401 INFO     ___FILE_ONLY___ Performing in place update...


2024-10-07 18:36:44,402 INFO     ___FILE_ONLY___ ╔════════════════════════════════════════════════════════════╗

2024-10-07 18:36:44,403 INFO     ___FILE_ONLY___ ╠═ Downloading: gcloud Alpha Commands                       ═╣

2024-10-07 18:36:44,403 INFO     ___FILE_ONLY___ ╚
2024-10-07 18:36:44,406 DEBUG    urllib3.connectionpool Starting new HTTPS connection (1): dl.google.com:443
2024-10-07 18:36:44,463 DEBUG    urllib3.connectionpool https://dl.google.com:443 "GET /dl/cloudsdk/channels/rapid/components/google-cloud-sdk-alpha-20240927140238.tar.gz HTTP/1.1" 200 800
2024-10-07 18:36:44,463 INFO     ___FILE_ONLY___ ════════════════════════════════════════════════════════════
2024-10-07 18:36:44,463 INFO     ___FILE_ONLY___ ╝

2024-10-07 18:36:44,465 INFO     ___FILE_ONLY___ ╔════════════════════════════════════════════════════════════╗

2024-10-07 18:36:44,465 INFO     ___FILE_ONLY___ ╠═ Downloading: gcloud Beta Commands                        ═╣

2024-10-07 18:36:44,465 INFO     ___FILE_ONLY___ ╚
2024-10-07 18:36:44,468 DEBUG    urllib3.connectionpool Starting new HTTPS connection (1): dl.google.com:443
2024-10-07 18:36:44,523 DEBUG    urllib3.connectionpool https://dl.google.com:443 "GET /dl/cloudsdk/channels/rapid/components/google-cloud-sdk-beta-20240927140238.tar.gz HTTP/1.1" 200 797
2024-10-07 18:36:44,524 INFO     ___FILE_ONLY___ ════════════════════════════════════════════════════════════
2024-10-07 18:36:44,524 INFO     ___FILE_ONLY___ ╝

2024-10-07 18:36:44,526 INFO     ___FILE_ONLY___ ╔════════════════════════════════════════════════════════════╗

2024-10-07 18:36:44,526 INFO     ___FILE_ONLY___ ╠═ Installing: gcloud Alpha Commands                        ═╣

2024-10-07 18:36:44,526 INFO     ___FILE_ONLY___ ╚
2024-10-07 18:36:44,527 INFO     ___FILE_ONLY___ ════════════════════════════════════════════════════════════
2024-10-07 18:36:44,527 INFO     ___FILE_ONLY___ ╝

2024-10-07 18:36:44,534 INFO     ___FILE_ONLY___ ╔════════════════════════════════════════════════════════════╗

2024-10-07 18:36:44,535 INFO     ___FILE_ONLY___ ╠═ Installing: gcloud Beta Commands                         ═╣

2024-10-07 18:36:44,535 INFO     ___FILE_ONLY___ ╚
2024-10-07 18:36:44,535 INFO     ___FILE_ONLY___ ════════════════════════════════════════════════════════════
2024-10-07 18:36:44,535 INFO     ___FILE_ONLY___ ╝

2024-10-07 18:36:44,544 DEBUG    root            Updating notification cache...
2024-10-07 18:36:44,545 INFO     ___FILE_ONLY___ 

2024-10-07 18:36:44,546 INFO     ___FILE_ONLY___ Performing post processing steps...
2024-10-07 18:36:44,547 DEBUG    root            Executing command: ['/tools/google-cloud-sdk/bin/gcloud', 'components', 'post-process']
2024-10-07 18:36:54,833 DEBUG    ___FILE_ONLY___ 
2024-10-07 18:36:54,833 DEBUG    ___FILE_ONLY___ 
2024-10-07 18:36:55,071 INFO     ___FILE_ONLY___ 
Update done!


2024-10-07 18:36:55,074 DEBUG    root            Chosen display Format:none
2024-10-07 18:36:55,074 INFO     root            Display format: "none"
